<?xml version="1.0" encoding="UTF-8"?>
<TestRun id="7eec4e43-4d90-473c-944a-fb2f0cff2028" name="Andrew@ANDREW-PC 2011-10-01 13:40:38" runUser="Andrew-PC\Andrew" xmlns="http://microsoft.com/schemas/VisualStudio/TeamTest/2010">
  <TestSettings name="Local" id="e0bce77d-f0bc-4194-868a-87daed48a37d">
    <Description>These are default test settings for a local test run.</Description>
    <Deployment enabled="false" runDeploymentRoot="Andrew_ANDREW-PC 2011-10-01 13_40_38">
      <DeploymentItem filename="C:\Users\Andrew\Score-Squid\src\packages\Coypu.0.2.0\lib\net40\WebDriver.Remote.Common.dll" />
      <DeploymentItem filename="C:\Users\Andrew\Score-Squid\src\packages\MvcContrib.Mvc3.TestHelper-ci.3.0.88.0\lib\MvcContrib.TestHelper.dll" />
      <DeploymentItem filename="C:\Users\Andrew\Score-Squid\src\packages\Unity.2.0\lib\20\Microsoft.Practices.Unity.dll" />
      <DeploymentItem filename="C:\Users\Andrew\Score-Squid\src\packages\WatiN.2.1.0\lib\net40\WatiN.Core.dll" />
      <DeploymentItem filename="C:\Users\Andrew\Score-Squid\src\packages\Unity.2.0\lib\20\Microsoft.Practices.Unity.Interception.Configuration.dll" />
      <DeploymentItem filename="C:\Users\Andrew\Score-Squid\src\ScoreSquid.Web\bin\ScoreSquid.Web.dll" />
      <DeploymentItem filename="C:\Users\Andrew\Score-Squid\src\packages\Coypu.0.2.0\lib\net40\Castle.Core.dll" />
      <DeploymentItem filename="C:\Users\Andrew\Score-Squid\src\packages\Coypu.0.2.0\lib\net40\Ionic.Zip.Reduced.dll" />
      <DeploymentItem filename="C:\Users\Andrew\Score-Squid\src\packages\SpecFlow.1.6.1\lib\net35\TechTalk.SpecFlow.dll" />
      <DeploymentItem filename="C:\Users\Andrew\Score-Squid\src\packages\Machine.Specifications.0.4.24.0\lib\Machine.Specifications.dll" />
      <DeploymentItem filename="C:\Users\Andrew\Score-Squid\src\packages\Coypu.0.2.0\lib\net40\WebDriver.Common.dll" />
      <DeploymentItem filename="C:\Users\Andrew\Score-Squid\src\packages\Unity.2.0\lib\20\Microsoft.Practices.ServiceLocation.dll" />
      <DeploymentItem filename="C:\Users\Andrew\Score-Squid\src\packages\Coypu.0.2.0\lib\net40\WebDriver.Chrome.dll" />
      <DeploymentItem filename="C:\Users\Andrew\Score-Squid\src\packages\Coypu.0.2.0\lib\net40\Selenium.WebDriverBackedSelenium.dll" />
      <DeploymentItem filename="C:\Users\Andrew\Score-Squid\src\packages\Coypu.0.2.0\lib\net40\Webdriver.Support.dll" />
      <DeploymentItem filename="C:\Users\Andrew\Score-Squid\src\packages\Coypu.0.2.0\lib\net40\ThoughtWorks.Selenium.Core.dll" />
      <DeploymentItem filename="C:\Users\Andrew\Score-Squid\src\packages\Coypu.0.2.0\lib\net40\Newtonsoft.Json.dll" />
      <DeploymentItem filename="C:\Users\Andrew\Score-Squid\src\packages\Coypu.0.2.0\lib\net40\Coypu.dll" />
      <DeploymentItem filename="C:\Users\Andrew\Score-Squid\src\packages\Unity.2.0\lib\20\Microsoft.Practices.Unity.Configuration.dll" />
      <DeploymentItem filename="C:\Users\Andrew\Score-Squid\src\packages\Coypu.0.2.0\lib\net40\WebDriver.IE.dll" />
      <DeploymentItem filename="C:\Users\Andrew\Score-Squid\src\packages\AutoMoq.1.4.2\lib\AutoMoq.dll" />
      <DeploymentItem filename="C:\Users\Andrew\Score-Squid\src\packages\Coypu.0.2.0\lib\net40\WebDriver.Remote.dll" />
      <DeploymentItem filename="C:\Users\Andrew\Score-Squid\src\packages\Unity.2.0\lib\20\Microsoft.Practices.Unity.Interception.dll" />
      <DeploymentItem filename="C:\Users\Andrew\Score-Squid\src\packages\Moq.4.0.10827\lib\NET40\Moq.dll" />
      <DeploymentItem filename="C:\Users\Andrew\Score-Squid\src\packages\Coypu.0.2.0\lib\net40\WebDriver.Firefox.dll" />
    </Deployment>
    <Execution>
      <TestTypeSpecific />
      <AgentRule name="Execution Agents">
      </AgentRule>
    </Execution>
  </TestSettings>
  <Times creation="2011-10-01T13:40:39.0414682+01:00" queuing="2011-10-01T13:40:39.2664810+01:00" start="2011-10-01T13:40:40.6285589+01:00" finish="2011-10-01T13:40:53.4602929+01:00" />
  <ResultSummary outcome="Failed">
    <Counters total="2" executed="2" error="0" failed="1" timeout="0" aborted="0" inconclusive="1" passedButRunAborted="0" notRunnable="0" notExecuted="0" disconnected="0" warning="0" passed="0" completed="0" inProgress="0" pending="0" />
  </ResultSummary>
  <TestDefinitions>
    <UnitTest name="Register" storage="c:\users\andrew\score-squid\src\scoresquid.web.functional.tests\bin\debug\scoresquid.web.functional.tests.dll" id="61489cb1-50a7-9e5c-7b0d-2d4ba5ebe4a5">
      <Description>Register</Description>
      <Execution id="45db526b-e788-4cd7-a41c-c3bf1a328ef7" />
      <Properties>
        <Property>
          <Key>FeatureTitle</Key>
          <Value>Registration</Value>
        </Property>
      </Properties>
      <TestMethod codeBase="C:/Users/Andrew/Score-Squid/src/ScoreSquid.Web.Functional.Tests/bin/Debug/ScoreSquid.Web.Functional.Tests.DLL" adapterTypeName="Microsoft.VisualStudio.TestTools.TestTypes.Unit.UnitTestAdapter, Microsoft.VisualStudio.QualityTools.Tips.UnitTest.Adapter, Version=10.0.0.0, Culture=neutral, PublicKeyToken=b03f5f7f11d50a3a" className="ScoreSquid.Web.Functional.Tests.Features.RegistrationFeature, ScoreSquid.Web.Functional.Tests, Version=1.0.0.0, Culture=neutral, PublicKeyToken=null" name="Register" />
    </UnitTest>
    <UnitTest name="TestResultImporter_ShouldImportResultsFromFile" storage="c:\users\andrew\score-squid\src\scoresquid.web.tests\bin\debug\scoresquid.web.tests.dll" id="7a75b235-7d3f-f01c-dde6-9318d02bee0f">
      <Execution id="7b6fd77b-24d2-45a8-a566-9abdace4c0b3" />
      <TestMethod codeBase="C:/Users/Andrew/Score-Squid/src/ScoreSquid.Web.Tests/bin/Debug/ScoreSquid.Web.Tests.DLL" adapterTypeName="Microsoft.VisualStudio.TestTools.TestTypes.Unit.UnitTestAdapter, Microsoft.VisualStudio.QualityTools.Tips.UnitTest.Adapter, Version=10.0.0.0, Culture=neutral, PublicKeyToken=b03f5f7f11d50a3a" className="ScoreSquid.Web.Tests.ResultImporter, ScoreSquid.Web.Tests, Version=1.0.0.0, Culture=neutral, PublicKeyToken=null" name="TestResultImporter_ShouldImportResultsFromFile" />
    </UnitTest>
  </TestDefinitions>
  <TestLists>
    <TestList name="Results Not in a List" id="8c84fa94-04c1-424b-9868-57a2d4851a1d" />
    <TestList name="All Loaded Results" id="19431567-8539-422a-85d7-44ee4e166bda" />
  </TestLists>
  <TestEntries>
    <TestEntry testId="61489cb1-50a7-9e5c-7b0d-2d4ba5ebe4a5" executionId="45db526b-e788-4cd7-a41c-c3bf1a328ef7" testListId="8c84fa94-04c1-424b-9868-57a2d4851a1d" />
    <TestEntry testId="7a75b235-7d3f-f01c-dde6-9318d02bee0f" executionId="7b6fd77b-24d2-45a8-a566-9abdace4c0b3" testListId="8c84fa94-04c1-424b-9868-57a2d4851a1d" />
  </TestEntries>
  <Results>
    <UnitTestResult executionId="45db526b-e788-4cd7-a41c-c3bf1a328ef7" testId="61489cb1-50a7-9e5c-7b0d-2d4ba5ebe4a5" testName="Register" computerName="ANDREW-PC" duration="00:00:01.1552812" startTime="2011-10-01T13:40:40.7915683+01:00" endTime="2011-10-01T13:40:44.3337709+01:00" testType="13cdc9d9-ddb5-4fa4-a97d-d965ccfc6d4b" outcome="Inconclusive" testListId="8c84fa94-04c1-424b-9868-57a2d4851a1d" relativeResultsDirectory="45db526b-e788-4cd7-a41c-c3bf1a328ef7">
      <Output>
        <StdOut>Given that I do not have an existing account
-&gt; No matching step definition found for the step. Use the following code to create one:
    [Binding]
    public class StepDefinitions
    {
        [Given(@"that I do not have an existing account")]
        public void GivenThatIDoNotHaveAnExistingAccount()
        {
            ScenarioContext.Current.Pending();
        }
    }

When I navigate to the registration screen
-&gt; No matching step definition found for the step. Use the following code to create one:
    [Binding]
    public class StepDefinitions
    {
        [When(@"I navigate to the registration screen")]
        public void WhenINavigateToTheRegistrationScreen()
        {
            ScenarioContext.Current.Pending();
        }
    }

And I enter my registration details
-&gt; No matching step definition found for the step. Use the following code to create one:
    [Binding]
    public class StepDefinitions
    {
        [When(@"I enter my registration details")]
        public void WhenIEnterMyRegistrationDetails()
        {
            ScenarioContext.Current.Pending();
        }
    }

Then I should successfully create an account
-&gt; No matching step definition found for the step. Use the following code to create one:
    [Binding]
    public class StepDefinitions
    {
        [Then(@"I should successfully create an account")]
        public void ThenIShouldSuccessfullyCreateAnAccount()
        {
            ScenarioContext.Current.Pending();
        }
    }</StdOut>
        <ErrorInfo>
          <Message>Assert.Inconclusive failed. No matching step definition found for one or more steps.
[Binding]
public class StepDefinitions
{
    [Given(@"that I do not have an existing account")]
    public void GivenThatIDoNotHaveAnExistingAccount()
    {
        ScenarioContext.Current.Pending();
    }
    
    [Then(@"I should successfully create an account")]
    public void ThenIShouldSuccessfullyCreateAnAccount()
    {
        ScenarioContext.Current.Pending();
    }
    
    [When(@"I enter my registration details")]
    public void WhenIEnterMyRegistrationDetails()
    {
        ScenarioContext.Current.Pending();
    }
    
    [When(@"I navigate to the registration screen")]
    public void WhenINavigateToTheRegistrationScreen()
    {
        ScenarioContext.Current.Pending();
    }
}
</Message>
          <StackTrace>   at lambda_method(Closure , String , Object[] )
   at TechTalk.SpecFlow.UnitTestProvider.MsTestRuntimeProvider.TestInconclusive(String message)
   at TechTalk.SpecFlow.ErrorHandling.ErrorProvider.ThrowPendingError(TestStatus testStatus, String message)
   at TechTalk.SpecFlow.TestRunner.CollectScenarioErrors()
   at ScoreSquid.Web.Functional.Tests.Features.RegistrationFeature.Register() in c:\Projects\ScoreSquid\src\ScoreSquid.Web.Functional.Tests\Features\PlayerRegistration.feature:line 11
</StackTrace>
        </ErrorInfo>
      </Output>
    </UnitTestResult>
    <UnitTestResult executionId="7b6fd77b-24d2-45a8-a566-9abdace4c0b3" testId="7a75b235-7d3f-f01c-dde6-9318d02bee0f" testName="TestResultImporter_ShouldImportResultsFromFile" computerName="ANDREW-PC" duration="00:00:07.9955489" startTime="2011-10-01T13:40:44.3377711+01:00" endTime="2011-10-01T13:40:53.3062841+01:00" testType="13cdc9d9-ddb5-4fa4-a97d-d965ccfc6d4b" outcome="Failed" testListId="8c84fa94-04c1-424b-9868-57a2d4851a1d" relativeResultsDirectory="7b6fd77b-24d2-45a8-a566-9abdace4c0b3">
      <Output>
        <ErrorInfo>
          <Message>Test method ScoreSquid.Web.Tests.ResultImporter.TestResultImporter_ShouldImportResultsFromFile threw exception: 
System.Data.Entity.Infrastructure.DbUpdateException: An error occurred while updating the entries. See the inner exception for details. ---&gt; System.Data.UpdateException: An error occurred while updating the entries. See the inner exception for details. ---&gt; System.Data.SqlClient.SqlException: Cannot insert the value NULL into column 'Result_Id', table 'ScoreSquid.dbo.Fixtures'; column does not allow nulls. INSERT fails.
The statement has been terminated.</Message>
          <StackTrace>    at System.Data.SqlClient.SqlConnection.OnError(SqlException exception, Boolean breakConnection)
   at System.Data.SqlClient.SqlInternalConnection.OnError(SqlException exception, Boolean breakConnection)
   at System.Data.SqlClient.TdsParser.ThrowExceptionAndWarning()
   at System.Data.SqlClient.TdsParser.Run(RunBehavior runBehavior, SqlCommand cmdHandler, SqlDataReader dataStream, BulkCopySimpleResultSet bulkCopyHandler, TdsParserStateObject stateObj)
   at System.Data.SqlClient.SqlDataReader.ConsumeMetaData()
   at System.Data.SqlClient.SqlDataReader.get_MetaData()
   at System.Data.SqlClient.SqlCommand.FinishExecuteReader(SqlDataReader ds, RunBehavior runBehavior, String resetOptionsString)
   at System.Data.SqlClient.SqlCommand.RunExecuteReaderTds(CommandBehavior cmdBehavior, RunBehavior runBehavior, Boolean returnStream, Boolean async)
   at System.Data.SqlClient.SqlCommand.RunExecuteReader(CommandBehavior cmdBehavior, RunBehavior runBehavior, Boolean returnStream, String method, DbAsyncResult result)
   at System.Data.SqlClient.SqlCommand.RunExecuteReader(CommandBehavior cmdBehavior, RunBehavior runBehavior, Boolean returnStream, String method)
   at System.Data.SqlClient.SqlCommand.ExecuteReader(CommandBehavior behavior, String method)
   at System.Data.SqlClient.SqlCommand.ExecuteDbDataReader(CommandBehavior behavior)
   at System.Data.Common.DbCommand.ExecuteReader(CommandBehavior behavior)
   at System.Data.Mapping.Update.Internal.DynamicUpdateCommand.Execute(UpdateTranslator translator, EntityConnection connection, Dictionary`2 identifierValues, List`1 generatedValues)
   at System.Data.Mapping.Update.Internal.UpdateTranslator.Update(IEntityStateManager stateManager, IEntityAdapter adapter)
 --- End of inner exception stack trace ---
    at System.Data.Mapping.Update.Internal.UpdateTranslator.Update(IEntityStateManager stateManager, IEntityAdapter adapter)
   at System.Data.EntityClient.EntityAdapter.Update(IEntityStateManager entityCache)
   at System.Data.Objects.ObjectContext.SaveChanges(SaveOptions options)
   at System.Data.Entity.Internal.InternalContext.SaveChanges()
 --- End of inner exception stack trace ---
    at System.Data.Entity.Internal.InternalContext.SaveChanges()
   at System.Data.Entity.Internal.LazyInternalContext.SaveChanges()
   at System.Data.Entity.DbContext.SaveChanges()
   at ScoreSquid.Web.Context.ScoreSquidContext.Save() in C:\Users\Andrew\Score-Squid\src\ScoreSquid.Web\Context\ScoreSquidContext.cs:line 28
   at ScoreSquid.Web.Repositories.Commands.Commands.SaveFixture(ScoreSquidContext context, Fixture fixture) in C:\Users\Andrew\Score-Squid\src\ScoreSquid.Web\Repositories\Commands\Commands.cs:line 26
   at ScoreSquid.Web.Repositories.FixtureRepository.Save(Fixture fixture) in C:\Users\Andrew\Score-Squid\src\ScoreSquid.Web\Repositories\FixtureRepository.cs:line 40
   at ScoreSquid.Web.Tests.ResultImporter.TestResultImporter_ShouldImportResultsFromFile() in C:\Users\Andrew\Score-Squid\src\ScoreSquid.Web.Tests\ResultImporter.cs:line 105
</StackTrace>
        </ErrorInfo>
      </Output>
    </UnitTestResult>
  </Results>
</TestRun>