<?xml version="1.0" encoding="UTF-8"?>
<TestRun id="49180a7c-480a-4b76-93e7-3f5f2c636749" name="Andrew@ANDREW-PC 2011-10-01 14:00:49" runUser="Andrew-PC\Andrew" xmlns="http://microsoft.com/schemas/VisualStudio/TeamTest/2010">
  <TestSettings name="Local" id="e0bce77d-f0bc-4194-868a-87daed48a37d">
    <Description>These are default test settings for a local test run.</Description>
    <Deployment enabled="false" runDeploymentRoot="Andrew_ANDREW-PC 2011-10-01 14_00_49">
      <DeploymentItem filename="C:\Users\Andrew\Score-Squid\src\packages\MvcContrib.Mvc3.TestHelper-ci.3.0.88.0\lib\MvcContrib.TestHelper.dll" />
      <DeploymentItem filename="C:\Users\Andrew\Score-Squid\src\packages\WatiN.2.1.0\lib\net40\WatiN.Core.dll" />
      <DeploymentItem filename="C:\Users\Andrew\Score-Squid\src\packages\Unity.2.0\lib\20\Microsoft.Practices.Unity.dll" />
      <DeploymentItem filename="C:\Users\Andrew\Score-Squid\src\ScoreSquid.Web\bin\ScoreSquid.Web.dll" />
      <DeploymentItem filename="C:\Users\Andrew\Score-Squid\src\packages\Coypu.0.2.0\lib\net40\Castle.Core.dll" />
      <DeploymentItem filename="C:\Users\Andrew\Score-Squid\src\packages\Coypu.0.2.0\lib\net40\Ionic.Zip.Reduced.dll" />
      <DeploymentItem filename="C:\Users\Andrew\Score-Squid\src\packages\SpecFlow.1.6.1\lib\net35\TechTalk.SpecFlow.dll" />
      <DeploymentItem filename="C:\Users\Andrew\Score-Squid\src\packages\Machine.Specifications.0.4.24.0\lib\Machine.Specifications.dll" />
      <DeploymentItem filename="C:\Users\Andrew\Score-Squid\src\packages\Coypu.0.2.0\lib\net40\WebDriver.Remote.dll" />
      <DeploymentItem filename="C:\Users\Andrew\Score-Squid\src\packages\Coypu.0.2.0\lib\net40\WebDriver.Common.dll" />
      <DeploymentItem filename="C:\Users\Andrew\Score-Squid\src\packages\Unity.2.0\lib\20\Microsoft.Practices.ServiceLocation.dll" />
      <DeploymentItem filename="C:\Users\Andrew\Score-Squid\src\packages\Coypu.0.2.0\lib\net40\WebDriver.Remote.Common.dll" />
      <DeploymentItem filename="C:\Users\Andrew\Score-Squid\src\packages\Coypu.0.2.0\lib\net40\Selenium.WebDriverBackedSelenium.dll" />
      <DeploymentItem filename="C:\Users\Andrew\Score-Squid\src\packages\Coypu.0.2.0\lib\net40\Webdriver.Support.dll" />
      <DeploymentItem filename="C:\Users\Andrew\Score-Squid\src\packages\Coypu.0.2.0\lib\net40\ThoughtWorks.Selenium.Core.dll" />
      <DeploymentItem filename="C:\Users\Andrew\Score-Squid\src\packages\Coypu.0.2.0\lib\net40\Newtonsoft.Json.dll" />
      <DeploymentItem filename="C:\Users\Andrew\Score-Squid\src\packages\Unity.2.0\lib\20\Microsoft.Practices.Unity.Interception.Configuration.dll" />
      <DeploymentItem filename="C:\Users\Andrew\Score-Squid\src\packages\Unity.2.0\lib\20\Microsoft.Practices.Unity.Configuration.dll" />
      <DeploymentItem filename="C:\Users\Andrew\Score-Squid\src\packages\Coypu.0.2.0\lib\net40\WebDriver.IE.dll" />
      <DeploymentItem filename="C:\Users\Andrew\Score-Squid\src\packages\AutoMoq.1.4.2\lib\AutoMoq.dll" />
      <DeploymentItem filename="C:\Users\Andrew\Score-Squid\src\packages\Coypu.0.2.0\lib\net40\WebDriver.Chrome.dll" />
      <DeploymentItem filename="C:\Users\Andrew\Score-Squid\src\packages\Unity.2.0\lib\20\Microsoft.Practices.Unity.Interception.dll" />
      <DeploymentItem filename="C:\Users\Andrew\Score-Squid\src\packages\Moq.4.0.10827\lib\NET40\Moq.dll" />
      <DeploymentItem filename="C:\Users\Andrew\Score-Squid\src\packages\Coypu.0.2.0\lib\net40\WebDriver.Firefox.dll" />
    </Deployment>
    <Execution>
      <TestTypeSpecific />
      <AgentRule name="Execution Agents">
      </AgentRule>
    </Execution>
  </TestSettings>
  <Times creation="2011-10-01T14:00:49.9167263+01:00" queuing="2011-10-01T14:00:49.9297270+01:00" start="2011-10-01T14:00:49.9507282+01:00" finish="2011-10-01T14:00:51.9158406+01:00" />
  <ResultSummary outcome="Failed">
    <Counters total="2" executed="2" error="0" failed="1" timeout="0" aborted="0" inconclusive="1" passedButRunAborted="0" notRunnable="0" notExecuted="0" disconnected="0" warning="0" passed="0" completed="0" inProgress="0" pending="0" />
  </ResultSummary>
  <TestDefinitions>
    <UnitTest name="Login" storage="c:\users\andrew\score-squid\src\scoresquid.web.functional.tests\bin\debug\scoresquid.web.functional.tests.dll" id="70fbc3c0-6163-0227-6823-7be18201b7fb">
      <Description>Login</Description>
      <Execution id="5519d704-4a0b-40bf-aa15-eea3f80eec9b" />
      <Properties>
        <Property>
          <Key>FeatureTitle</Key>
          <Value>Login</Value>
        </Property>
      </Properties>
      <TestMethod codeBase="C:/Users/Andrew/Score-Squid/src/ScoreSquid.Web.Functional.Tests/bin/Debug/ScoreSquid.Web.Functional.Tests.DLL" adapterTypeName="Microsoft.VisualStudio.TestTools.TestTypes.Unit.UnitTestAdapter, Microsoft.VisualStudio.QualityTools.Tips.UnitTest.Adapter, Version=10.0.0.0, Culture=neutral, PublicKeyToken=b03f5f7f11d50a3a" className="ScoreSquid.Web.Functional.Tests.Features.LoginFeature, ScoreSquid.Web.Functional.Tests, Version=1.0.0.0, Culture=neutral, PublicKeyToken=null" name="Login" />
    </UnitTest>
    <UnitTest name="TestResultImporter_ShouldImportResultsFromFile" storage="c:\users\andrew\score-squid\src\scoresquid.web.tests\bin\debug\scoresquid.web.tests.dll" id="7a75b235-7d3f-f01c-dde6-9318d02bee0f">
      <Execution id="003b9bd5-8e6d-4779-afd2-771e8f0769b6" />
      <TestMethod codeBase="C:/Users/Andrew/Score-Squid/src/ScoreSquid.Web.Tests/bin/Debug/ScoreSquid.Web.Tests.DLL" adapterTypeName="Microsoft.VisualStudio.TestTools.TestTypes.Unit.UnitTestAdapter, Microsoft.VisualStudio.QualityTools.Tips.UnitTest.Adapter, Version=10.0.0.0, Culture=neutral, PublicKeyToken=b03f5f7f11d50a3a" className="ScoreSquid.Web.Tests.ResultImporter, ScoreSquid.Web.Tests, Version=1.0.0.0, Culture=neutral, PublicKeyToken=null" name="TestResultImporter_ShouldImportResultsFromFile" />
    </UnitTest>
  </TestDefinitions>
  <TestLists>
    <TestList name="Results Not in a List" id="8c84fa94-04c1-424b-9868-57a2d4851a1d" />
    <TestList name="All Loaded Results" id="19431567-8539-422a-85d7-44ee4e166bda" />
  </TestLists>
  <TestEntries>
    <TestEntry testId="70fbc3c0-6163-0227-6823-7be18201b7fb" executionId="5519d704-4a0b-40bf-aa15-eea3f80eec9b" testListId="8c84fa94-04c1-424b-9868-57a2d4851a1d" />
    <TestEntry testId="7a75b235-7d3f-f01c-dde6-9318d02bee0f" executionId="003b9bd5-8e6d-4779-afd2-771e8f0769b6" testListId="8c84fa94-04c1-424b-9868-57a2d4851a1d" />
  </TestEntries>
  <Results>
    <UnitTestResult executionId="5519d704-4a0b-40bf-aa15-eea3f80eec9b" testId="70fbc3c0-6163-0227-6823-7be18201b7fb" testName="Login" computerName="ANDREW-PC" duration="00:00:00.1176138" startTime="2011-10-01T14:00:49.9687293+01:00" endTime="2011-10-01T14:00:50.5157605+01:00" testType="13cdc9d9-ddb5-4fa4-a97d-d965ccfc6d4b" outcome="Inconclusive" testListId="8c84fa94-04c1-424b-9868-57a2d4851a1d" relativeResultsDirectory="5519d704-4a0b-40bf-aa15-eea3f80eec9b">
      <Output>
        <StdOut>Given that I have an existing account
-&gt; No matching step definition found for the step. Use the following code to create one:
    [Binding]
    public class StepDefinitions
    {
        [Given(@"that I have an existing account")]
        public void GivenThatIHaveAnExistingAccount()
        {
            ScenarioContext.Current.Pending();
        }
    }

When I enter valid login details
-&gt; No matching step definition found for the step. Use the following code to create one:
    [Binding]
    public class StepDefinitions
    {
        [When(@"I enter valid login details")]
        public void WhenIEnterValidLoginDetails()
        {
            ScenarioContext.Current.Pending();
        }
    }

And I submit my login request
-&gt; No matching step definition found for the step. Use the following code to create one:
    [Binding]
    public class StepDefinitions
    {
        [When(@"I submit my login request")]
        public void WhenISubmitMyLoginRequest()
        {
            ScenarioContext.Current.Pending();
        }
    }

Then I should gain access to my account
-&gt; No matching step definition found for the step. Use the following code to create one:
    [Binding]
    public class StepDefinitions
    {
        [Then(@"I should gain access to my account")]
        public void ThenIShouldGainAccessToMyAccount()
        {
            ScenarioContext.Current.Pending();
        }
    }</StdOut>
        <ErrorInfo>
          <Message>Assert.Inconclusive failed. No matching step definition found for one or more steps.
[Binding]
public class StepDefinitions
{
    [Given(@"that I have an existing account")]
    public void GivenThatIHaveAnExistingAccount()
    {
        ScenarioContext.Current.Pending();
    }
    
    [Then(@"I should gain access to my account")]
    public void ThenIShouldGainAccessToMyAccount()
    {
        ScenarioContext.Current.Pending();
    }
    
    [When(@"I enter valid login details")]
    public void WhenIEnterValidLoginDetails()
    {
        ScenarioContext.Current.Pending();
    }
    
    [When(@"I submit my login request")]
    public void WhenISubmitMyLoginRequest()
    {
        ScenarioContext.Current.Pending();
    }
}
</Message>
          <StackTrace>   at lambda_method(Closure , String , Object[] )
   at TechTalk.SpecFlow.UnitTestProvider.MsTestRuntimeProvider.TestInconclusive(String message)
   at TechTalk.SpecFlow.ErrorHandling.ErrorProvider.ThrowPendingError(TestStatus testStatus, String message)
   at TechTalk.SpecFlow.TestRunner.CollectScenarioErrors()
   at ScoreSquid.Web.Functional.Tests.Features.LoginFeature.Login() in c:\Users\Andrew\Score-Squid\src\ScoreSquid.Web.Functional.Tests\Features\Login.feature:line 11
</StackTrace>
        </ErrorInfo>
      </Output>
    </UnitTestResult>
    <UnitTestResult executionId="003b9bd5-8e6d-4779-afd2-771e8f0769b6" testId="7a75b235-7d3f-f01c-dde6-9318d02bee0f" testName="TestResultImporter_ShouldImportResultsFromFile" computerName="ANDREW-PC" duration="00:00:00.8881876" startTime="2011-10-01T14:00:50.5177607+01:00" endTime="2011-10-01T14:00:51.7738325+01:00" testType="13cdc9d9-ddb5-4fa4-a97d-d965ccfc6d4b" outcome="Failed" testListId="8c84fa94-04c1-424b-9868-57a2d4851a1d" relativeResultsDirectory="003b9bd5-8e6d-4779-afd2-771e8f0769b6">
      <Output>
        <ErrorInfo>
          <Message>Test method ScoreSquid.Web.Tests.ResultImporter.TestResultImporter_ShouldImportResultsFromFile threw exception: 
System.Data.Entity.Infrastructure.DbUpdateException: An error occurred while updating the entries. See the inner exception for details. ---&gt; System.Data.UpdateException: An error occurred while updating the entries. See the inner exception for details. ---&gt; System.Data.SqlClient.SqlException: Cannot insert the value NULL into column 'Result_Id', table 'ScoreSquid.dbo.Fixtures'; column does not allow nulls. INSERT fails.
The statement has been terminated.</Message>
          <StackTrace>    at System.Data.SqlClient.SqlConnection.OnError(SqlException exception, Boolean breakConnection)
   at System.Data.SqlClient.SqlInternalConnection.OnError(SqlException exception, Boolean breakConnection)
   at System.Data.SqlClient.TdsParser.ThrowExceptionAndWarning()
   at System.Data.SqlClient.TdsParser.Run(RunBehavior runBehavior, SqlCommand cmdHandler, SqlDataReader dataStream, BulkCopySimpleResultSet bulkCopyHandler, TdsParserStateObject stateObj)
   at System.Data.SqlClient.SqlDataReader.ConsumeMetaData()
   at System.Data.SqlClient.SqlDataReader.get_MetaData()
   at System.Data.SqlClient.SqlCommand.FinishExecuteReader(SqlDataReader ds, RunBehavior runBehavior, String resetOptionsString)
   at System.Data.SqlClient.SqlCommand.RunExecuteReaderTds(CommandBehavior cmdBehavior, RunBehavior runBehavior, Boolean returnStream, Boolean async)
   at System.Data.SqlClient.SqlCommand.RunExecuteReader(CommandBehavior cmdBehavior, RunBehavior runBehavior, Boolean returnStream, String method, DbAsyncResult result)
   at System.Data.SqlClient.SqlCommand.RunExecuteReader(CommandBehavior cmdBehavior, RunBehavior runBehavior, Boolean returnStream, String method)
   at System.Data.SqlClient.SqlCommand.ExecuteReader(CommandBehavior behavior, String method)
   at System.Data.SqlClient.SqlCommand.ExecuteDbDataReader(CommandBehavior behavior)
   at System.Data.Common.DbCommand.ExecuteReader(CommandBehavior behavior)
   at System.Data.Mapping.Update.Internal.DynamicUpdateCommand.Execute(UpdateTranslator translator, EntityConnection connection, Dictionary`2 identifierValues, List`1 generatedValues)
   at System.Data.Mapping.Update.Internal.UpdateTranslator.Update(IEntityStateManager stateManager, IEntityAdapter adapter)
 --- End of inner exception stack trace ---
    at System.Data.Mapping.Update.Internal.UpdateTranslator.Update(IEntityStateManager stateManager, IEntityAdapter adapter)
   at System.Data.EntityClient.EntityAdapter.Update(IEntityStateManager entityCache)
   at System.Data.Objects.ObjectContext.SaveChanges(SaveOptions options)
   at System.Data.Entity.Internal.InternalContext.SaveChanges()
 --- End of inner exception stack trace ---
    at System.Data.Entity.Internal.InternalContext.SaveChanges()
   at System.Data.Entity.Internal.LazyInternalContext.SaveChanges()
   at System.Data.Entity.DbContext.SaveChanges()
   at ScoreSquid.Web.Context.ScoreSquidContext.Save() in C:\Users\Andrew\Score-Squid\src\ScoreSquid.Web\Context\ScoreSquidContext.cs:line 28
   at ScoreSquid.Web.Repositories.Commands.Commands.SaveFixture(ScoreSquidContext context, Fixture fixture) in C:\Users\Andrew\Score-Squid\src\ScoreSquid.Web\Repositories\Commands\Commands.cs:line 26
   at ScoreSquid.Web.Repositories.FixtureRepository.Save(Fixture fixture) in C:\Users\Andrew\Score-Squid\src\ScoreSquid.Web\Repositories\FixtureRepository.cs:line 40
   at ScoreSquid.Web.Tests.ResultImporter.TestResultImporter_ShouldImportResultsFromFile() in C:\Users\Andrew\Score-Squid\src\ScoreSquid.Web.Tests\ResultImporter.cs:line 105
</StackTrace>
        </ErrorInfo>
      </Output>
    </UnitTestResult>
  </Results>
</TestRun>